[2019-11-14 15:58:58.419] [exthost] [info] extension host started
[2019-11-14 15:58:58.419] [exthost] [info] ExtensionService#_doActivateExtension vscode.debug-auto-launch {"startup":true,"extensionId":{"value":"vscode.debug-auto-launch","_lower":"vscode.debug-auto-launch"},"activationEvent":"*"}
[2019-11-14 15:58:58.419] [exthost] [info] ExtensionService#loadCommonJSModule file:///snap/code/20/usr/share/code/resources/app/extensions/debug-auto-launch/dist/extension
[2019-11-14 15:58:58.419] [exthost] [info] ExtensionService#_doActivateExtension vscode.emmet {"startup":true,"extensionId":{"value":"vscode.emmet","_lower":"vscode.emmet"},"activationEvent":"*"}
[2019-11-14 15:58:58.419] [exthost] [info] ExtensionService#loadCommonJSModule file:///snap/code/20/usr/share/code/resources/app/extensions/emmet/dist/extension
[2019-11-14 15:58:58.419] [exthost] [info] ExtensionService#_doActivateExtension vscode.git {"startup":true,"extensionId":{"value":"vscode.git","_lower":"vscode.git"},"activationEvent":"*"}
[2019-11-14 15:58:58.419] [exthost] [info] ExtensionService#loadCommonJSModule file:///snap/code/20/usr/share/code/resources/app/extensions/git/dist/main
[2019-11-14 15:58:58.419] [exthost] [info] ExtensionService#_doActivateExtension vscode.merge-conflict {"startup":true,"extensionId":{"value":"vscode.merge-conflict","_lower":"vscode.merge-conflict"},"activationEvent":"*"}
[2019-11-14 15:58:58.419] [exthost] [info] ExtensionService#loadCommonJSModule file:///snap/code/20/usr/share/code/resources/app/extensions/merge-conflict/dist/extension
[2019-11-14 15:58:58.419] [exthost] [info] ExtensionService#_doActivateExtension formulahendry.terminal {"startup":true,"extensionId":{"value":"formulahendry.terminal","_lower":"formulahendry.terminal"},"activationEvent":"*"}
[2019-11-14 15:58:58.419] [exthost] [info] ExtensionService#loadCommonJSModule file:///home/marlon/.vscode/extensions/formulahendry.terminal-0.0.10/out/src/extension
[2019-11-14 15:58:58.419] [exthost] [info] ExtensionService#_doActivateExtension vscode.npm {"startup":true,"extensionId":{"value":"vscode.npm","_lower":"vscode.npm"},"activationEvent":"workspaceContains:package.json"}
[2019-11-14 15:58:58.419] [exthost] [info] ExtensionService#loadCommonJSModule file:///snap/code/20/usr/share/code/resources/app/extensions/npm/dist/main
[2019-11-14 15:58:58.762] [exthost] [info] eager extensions activated
[2019-11-14 16:11:33.631] [exthost] [info] ExtensionService#_doActivateExtension vscode.typescript-language-features {"startup":false,"extensionId":{"value":"vscode.typescript-language-features","_lower":"vscode.typescript-language-features"},"activationEvent":"onLanguage:javascript"}
[2019-11-14 16:11:33.631] [exthost] [info] ExtensionService#loadCommonJSModule file:///snap/code/20/usr/share/code/resources/app/extensions/typescript-language-features/dist/extension
[2019-11-14 16:39:51.457] [exthost] [info] extension host started
[2019-11-14 16:39:51.513] [exthost] [info] ExtensionService#_doActivateExtension vscode.debug-auto-launch {"startup":true,"extensionId":{"value":"vscode.debug-auto-launch","_lower":"vscode.debug-auto-launch"},"activationEvent":"*"}
[2019-11-14 16:39:51.513] [exthost] [info] ExtensionService#loadCommonJSModule file:///snap/code/20/usr/share/code/resources/app/extensions/debug-auto-launch/dist/extension
[2019-11-14 16:39:51.516] [exthost] [info] ExtensionService#_doActivateExtension vscode.emmet {"startup":true,"extensionId":{"value":"vscode.emmet","_lower":"vscode.emmet"},"activationEvent":"*"}
[2019-11-14 16:39:51.516] [exthost] [info] ExtensionService#loadCommonJSModule file:///snap/code/20/usr/share/code/resources/app/extensions/emmet/dist/extension
[2019-11-14 16:39:51.528] [exthost] [info] ExtensionService#_doActivateExtension vscode.git {"startup":true,"extensionId":{"value":"vscode.git","_lower":"vscode.git"},"activationEvent":"*"}
[2019-11-14 16:39:51.528] [exthost] [info] ExtensionService#loadCommonJSModule file:///snap/code/20/usr/share/code/resources/app/extensions/git/dist/main
[2019-11-14 16:39:51.547] [exthost] [info] ExtensionService#_doActivateExtension vscode.merge-conflict {"startup":true,"extensionId":{"value":"vscode.merge-conflict","_lower":"vscode.merge-conflict"},"activationEvent":"*"}
[2019-11-14 16:39:51.547] [exthost] [info] ExtensionService#loadCommonJSModule file:///snap/code/20/usr/share/code/resources/app/extensions/merge-conflict/dist/extension
[2019-11-14 16:39:51.549] [exthost] [info] ExtensionService#_doActivateExtension formulahendry.terminal {"startup":true,"extensionId":{"value":"formulahendry.terminal","_lower":"formulahendry.terminal"},"activationEvent":"*"}
[2019-11-14 16:39:51.549] [exthost] [info] ExtensionService#loadCommonJSModule file:///home/marlon/.vscode/extensions/formulahendry.terminal-0.0.10/out/src/extension
[2019-11-14 16:39:51.587] [exthost] [info] ExtensionService#_doActivateExtension vscode.npm {"startup":true,"extensionId":{"value":"vscode.npm","_lower":"vscode.npm"},"activationEvent":"workspaceContains:package.json"}
[2019-11-14 16:39:51.587] [exthost] [info] ExtensionService#loadCommonJSModule file:///snap/code/20/usr/share/code/resources/app/extensions/npm/dist/main
[2019-11-14 16:39:51.623] [exthost] [info] eager extensions activated
[2019-11-14 16:40:37.125] [exthost] [info] extension host started
[2019-11-14 16:40:37.211] [exthost] [info] ExtensionService#_doActivateExtension vscode.debug-auto-launch {"startup":true,"extensionId":{"value":"vscode.debug-auto-launch","_lower":"vscode.debug-auto-launch"},"activationEvent":"*"}
[2019-11-14 16:40:37.211] [exthost] [info] ExtensionService#loadCommonJSModule file:///snap/code/20/usr/share/code/resources/app/extensions/debug-auto-launch/dist/extension
[2019-11-14 16:40:37.215] [exthost] [info] ExtensionService#_doActivateExtension vscode.emmet {"startup":true,"extensionId":{"value":"vscode.emmet","_lower":"vscode.emmet"},"activationEvent":"*"}
[2019-11-14 16:40:37.215] [exthost] [info] ExtensionService#loadCommonJSModule file:///snap/code/20/usr/share/code/resources/app/extensions/emmet/dist/extension
[2019-11-14 16:40:37.228] [exthost] [info] ExtensionService#_doActivateExtension vscode.git {"startup":true,"extensionId":{"value":"vscode.git","_lower":"vscode.git"},"activationEvent":"*"}
[2019-11-14 16:40:37.228] [exthost] [info] ExtensionService#loadCommonJSModule file:///snap/code/20/usr/share/code/resources/app/extensions/git/dist/main
[2019-11-14 16:40:37.254] [exthost] [info] ExtensionService#_doActivateExtension vscode.merge-conflict {"startup":true,"extensionId":{"value":"vscode.merge-conflict","_lower":"vscode.merge-conflict"},"activationEvent":"*"}
[2019-11-14 16:40:37.254] [exthost] [info] ExtensionService#loadCommonJSModule file:///snap/code/20/usr/share/code/resources/app/extensions/merge-conflict/dist/extension
[2019-11-14 16:40:37.257] [exthost] [info] ExtensionService#_doActivateExtension formulahendry.terminal {"startup":true,"extensionId":{"value":"formulahendry.terminal","_lower":"formulahendry.terminal"},"activationEvent":"*"}
[2019-11-14 16:40:37.257] [exthost] [info] ExtensionService#loadCommonJSModule file:///home/marlon/.vscode/extensions/formulahendry.terminal-0.0.10/out/src/extension
[2019-11-14 16:40:37.333] [exthost] [info] ExtensionService#_doActivateExtension vscode.npm {"startup":true,"extensionId":{"value":"vscode.npm","_lower":"vscode.npm"},"activationEvent":"workspaceContains:package.json"}
[2019-11-14 16:40:37.333] [exthost] [info] ExtensionService#loadCommonJSModule file:///snap/code/20/usr/share/code/resources/app/extensions/npm/dist/main
[2019-11-14 16:40:37.382] [exthost] [info] eager extensions activated
[2019-11-14 16:41:39.382] [exthost] [info] ExtensionService#_doActivateExtension vscode.configuration-editing {"startup":false,"extensionId":{"value":"vscode.configuration-editing","_lower":"vscode.configuration-editing"},"activationEvent":"onLanguage:json"}
[2019-11-14 16:41:39.382] [exthost] [info] ExtensionService#loadCommonJSModule file:///snap/code/20/usr/share/code/resources/app/extensions/configuration-editing/dist/extension
[2019-11-14 16:41:39.390] [exthost] [info] ExtensionService#_doActivateExtension vscode.extension-editing {"startup":false,"extensionId":{"value":"vscode.extension-editing","_lower":"vscode.extension-editing"},"activationEvent":"onLanguage:json"}
[2019-11-14 16:41:39.390] [exthost] [info] ExtensionService#loadCommonJSModule file:///snap/code/20/usr/share/code/resources/app/extensions/extension-editing/dist/extension
[2019-11-14 16:41:39.431] [exthost] [info] ExtensionService#_doActivateExtension vscode.json-language-features {"startup":false,"extensionId":{"value":"vscode.json-language-features","_lower":"vscode.json-language-features"},"activationEvent":"onLanguage:json"}
[2019-11-14 16:41:39.431] [exthost] [info] ExtensionService#loadCommonJSModule file:///snap/code/20/usr/share/code/resources/app/extensions/json-language-features/client/dist/jsonMain
[2019-11-14 16:41:40.655] [exthost] [info] extension host started
[2019-11-14 16:41:40.671] [exthost] [info] ExtensionService#_doActivateExtension vscode.configuration-editing {"startup":false,"extensionId":{"value":"vscode.configuration-editing","_lower":"vscode.configuration-editing"},"activationEvent":"onLanguage:json"}
[2019-11-14 16:41:40.671] [exthost] [info] ExtensionService#loadCommonJSModule file:///snap/code/20/usr/share/code/resources/app/extensions/configuration-editing/dist/extension
[2019-11-14 16:41:40.676] [exthost] [info] ExtensionService#_doActivateExtension vscode.extension-editing {"startup":false,"extensionId":{"value":"vscode.extension-editing","_lower":"vscode.extension-editing"},"activationEvent":"onLanguage:json"}
[2019-11-14 16:41:40.676] [exthost] [info] ExtensionService#loadCommonJSModule file:///snap/code/20/usr/share/code/resources/app/extensions/extension-editing/dist/extension
[2019-11-14 16:41:40.687] [exthost] [info] ExtensionService#_doActivateExtension vscode.json-language-features {"startup":false,"extensionId":{"value":"vscode.json-language-features","_lower":"vscode.json-language-features"},"activationEvent":"onLanguage:json"}
[2019-11-14 16:41:40.687] [exthost] [info] ExtensionService#loadCommonJSModule file:///snap/code/20/usr/share/code/resources/app/extensions/json-language-features/client/dist/jsonMain
[2019-11-14 16:41:40.713] [exthost] [info] ExtensionService#_doActivateExtension vscode.npm {"startup":false,"extensionId":{"value":"vscode.npm","_lower":"vscode.npm"},"activationEvent":"onLanguage:json"}
[2019-11-14 16:41:40.713] [exthost] [info] ExtensionService#loadCommonJSModule file:///snap/code/20/usr/share/code/resources/app/extensions/npm/dist/main
[2019-11-14 16:41:40.716] [exthost] [info] ExtensionService#_doActivateExtension vscode.debug-auto-launch {"startup":true,"extensionId":{"value":"vscode.debug-auto-launch","_lower":"vscode.debug-auto-launch"},"activationEvent":"*"}
[2019-11-14 16:41:40.716] [exthost] [info] ExtensionService#loadCommonJSModule file:///snap/code/20/usr/share/code/resources/app/extensions/debug-auto-launch/dist/extension
[2019-11-14 16:41:40.717] [exthost] [info] ExtensionService#_doActivateExtension vscode.emmet {"startup":true,"extensionId":{"value":"vscode.emmet","_lower":"vscode.emmet"},"activationEvent":"*"}
[2019-11-14 16:41:40.718] [exthost] [info] ExtensionService#loadCommonJSModule file:///snap/code/20/usr/share/code/resources/app/extensions/emmet/dist/extension
[2019-11-14 16:41:40.728] [exthost] [info] ExtensionService#_doActivateExtension vscode.git {"startup":true,"extensionId":{"value":"vscode.git","_lower":"vscode.git"},"activationEvent":"*"}
[2019-11-14 16:41:40.728] [exthost] [info] ExtensionService#loadCommonJSModule file:///snap/code/20/usr/share/code/resources/app/extensions/git/dist/main
[2019-11-14 16:41:40.743] [exthost] [info] ExtensionService#_doActivateExtension vscode.merge-conflict {"startup":true,"extensionId":{"value":"vscode.merge-conflict","_lower":"vscode.merge-conflict"},"activationEvent":"*"}
[2019-11-14 16:41:40.743] [exthost] [info] ExtensionService#loadCommonJSModule file:///snap/code/20/usr/share/code/resources/app/extensions/merge-conflict/dist/extension
[2019-11-14 16:41:40.746] [exthost] [info] ExtensionService#_doActivateExtension formulahendry.terminal {"startup":true,"extensionId":{"value":"formulahendry.terminal","_lower":"formulahendry.terminal"},"activationEvent":"*"}
[2019-11-14 16:41:40.746] [exthost] [info] ExtensionService#loadCommonJSModule file:///home/marlon/.vscode/extensions/formulahendry.terminal-0.0.10/out/src/extension
[2019-11-14 16:41:40.815] [exthost] [info] eager extensions activated
